Get:1 http://ports.ubuntu.com/ubuntu-ports focal InRelease [265 kB]
Get:2 http://ports.ubuntu.com/ubuntu-ports focal-updates InRelease [114 kB]
Get:3 http://ports.ubuntu.com/ubuntu-ports focal-backports InRelease [108 kB]
Get:4 http://ports.ubuntu.com/ubuntu-ports focal-security InRelease [114 kB]
Get:5 http://ports.ubuntu.com/ubuntu-ports focal/multiverse ppc64el Packages [146 kB]
Get:6 http://ports.ubuntu.com/ubuntu-ports focal/universe ppc64el Packages [11.0 MB]
Get:7 http://ports.ubuntu.com/ubuntu-ports focal/main ppc64el Packages [1229 kB]
Get:8 http://ports.ubuntu.com/ubuntu-ports focal/restricted ppc64el Packages [1317 B]
Get:9 http://ports.ubuntu.com/ubuntu-ports focal-updates/main ppc64el Packages [1290 kB]
Get:10 http://ports.ubuntu.com/ubuntu-ports focal-updates/universe ppc64el Packages [1125 kB]
Get:11 http://ports.ubuntu.com/ubuntu-ports focal-updates/multiverse ppc64el Packages [5632 B]
Get:12 http://ports.ubuntu.com/ubuntu-ports focal-updates/restricted ppc64el Packages [4571 B]
Get:13 http://ports.ubuntu.com/ubuntu-ports focal-backports/main ppc64el Packages [54.8 kB]
Get:14 http://ports.ubuntu.com/ubuntu-ports focal-backports/universe ppc64el Packages [27.4 kB]
Get:15 http://ports.ubuntu.com/ubuntu-ports focal-security/restricted ppc64el Packages [4330 B]
Get:16 http://ports.ubuntu.com/ubuntu-ports focal-security/main ppc64el Packages [925 kB]
Get:17 http://ports.ubuntu.com/ubuntu-ports focal-security/universe ppc64el Packages [841 kB]
Get:18 http://ports.ubuntu.com/ubuntu-ports focal-security/multiverse ppc64el Packages [3253 B]
Fetched 17.3 MB in 6s (3122 kB/s)
Reading package lists...
